<?xml version="1.0" encoding="UTF-8"?>
<testsuites name="Mocha Tests" time="39.641" tests="6" failures="0">
  <testsuite name="Root Suite" timestamp="2026-03-27T17:40:53" tests="0" file="cypress\e2e\portfolio-home.cy.ts" time="0.000" failures="0">
  </testsuite>
  <testsuite name="Portfolio home page experience tests" timestamp="2026-03-27T17:40:53" tests="6" time="39.640" failures="0">
    <testcase name="Portfolio home page experience tests Checks work description flow for Experience at Southern Company" time="7.180" classname="Checks work description flow for Experience at Southern Company">
    </testcase>
    <testcase name="Portfolio home page experience tests Checks work description flow for Experience at Lockheed Martin" time="6.338" classname="Checks work description flow for Experience at Lockheed Martin">
    </testcase>
    <testcase name="Portfolio home page experience tests Checks work description flow for Experience at Fiserv" time="6.300" classname="Checks work description flow for Experience at Fiserv">
    </testcase>
    <testcase name="Portfolio home page experience tests Checks work description flow for Experience at Ford Motor Company" time="6.321" classname="Checks work description flow for Experience at Ford Motor Company">
    </testcase>
    <testcase name="Portfolio home page experience tests Checks work description flow for Experience at Royal Caribbean Ltd." time="6.320" classname="Checks work description flow for Experience at Royal Caribbean Ltd.">
    </testcase>
    <testcase name="Portfolio home page experience tests Checks work description flow for Experience at Canfield Scientific" time="6.356" classname="Checks work description flow for Experience at Canfield Scientific">
    </testcase>
  </testsuite>
</testsuites>